<?xml version="1.0" encoding="UTF-8"?>
<testng-results ignored="0" total="2" passed="2" failed="0" skipped="0">
  <reporter-output>
  </reporter-output>
  <suite started-at="2022-06-08T12:59:53 CDT" name="Default suite" finished-at="2022-06-08T13:03:02 CDT" duration-ms="189065">
    <groups>
      <group name="cucumber">
        <method signature="AbstractTestNGCucumberTests.runScenario(io.cucumber.testng.PickleWrapper,io.cucumber.testng.FeatureWrapper)[pri:0, instance:com.training.runner.Runner@479d31f3]" name="runScenario" class="io.cucumber.testng.AbstractTestNGCucumberTests"/>
      </group> <!-- cucumber -->
    </groups>
    <test started-at="2022-06-08T12:59:53 CDT" name="Default test" finished-at="2022-06-08T13:03:02 CDT" duration-ms="189065">
      <class name="com.training.runner.Runner">
        <test-method is-config="true" signature="setUpClass()[pri:0, instance:com.training.runner.Runner@479d31f3]" started-at="2022-06-08T12:59:53 CDT" name="setUpClass" finished-at="2022-06-08T12:59:58 CDT" duration-ms="4449" status="PASS">
          <reporter-output>
          </reporter-output>
        </test-method> <!-- setUpClass -->
        <test-method signature="runScenario(io.cucumber.testng.PickleWrapper,io.cucumber.testng.FeatureWrapper)[pri:0, instance:com.training.runner.Runner@479d31f3]" started-at="2022-06-08T12:59:58 CDT" name="runScenario" description="Runs Cucumber Scenarios" data-provider="scenarios" finished-at="2022-06-08T13:02:32 CDT" duration-ms="154256" status="PASS">
          <params>
            <param index="0">
              <value>
                <![CDATA["Login with valid user and valid password"]]>
              </value>
            </param>
            <param index="1">
              <value>
                <![CDATA["Optional[Login into firebase application]"]]>
              </value>
            </param>
          </params>
          <reporter-output>
          </reporter-output>
        </test-method> <!-- runScenario -->
        <test-method signature="runScenario(io.cucumber.testng.PickleWrapper,io.cucumber.testng.FeatureWrapper)[pri:0, instance:com.training.runner.Runner@479d31f3]" started-at="2022-06-08T13:02:32 CDT" name="runScenario" description="Runs Cucumber Scenarios" data-provider="scenarios" finished-at="2022-06-08T13:03:01 CDT" duration-ms="29369" status="PASS">
          <params>
            <param index="0">
              <value>
                <![CDATA["Login with invalid user and invalid password"]]>
              </value>
            </param>
            <param index="1">
              <value>
                <![CDATA["Optional[Login into firebase application]"]]>
              </value>
            </param>
          </params>
          <reporter-output>
          </reporter-output>
        </test-method> <!-- runScenario -->
        <test-method is-config="true" signature="tearDownClass()[pri:0, instance:com.training.runner.Runner@479d31f3]" started-at="2022-06-08T13:03:01 CDT" name="tearDownClass" finished-at="2022-06-08T13:03:02 CDT" duration-ms="569" status="PASS">
          <reporter-output>
          </reporter-output>
        </test-method> <!-- tearDownClass -->
      </class> <!-- com.training.runner.Runner -->
    </test> <!-- Default test -->
  </suite> <!-- Default suite -->
</testng-results>
